#
# There is insufficient memory for the Java Runtime Environment to continue.
# Native memory allocation (mmap) failed to map 65536 bytes. Error detail: Failed to commit metaspace.
# Possible reasons:
#   The system is out of physical RAM or swap space
#   This process is running with CompressedOops enabled, and the Java Heap may be blocking the growth of the native heap
# Possible solutions:
#   Reduce memory load on the system
#   Increase physical memory or swap space
#   Check if swap backing store is full
#   Decrease Java heap size (-Xmx/-Xms)
#   Decrease number of Java threads
#   Decrease Java thread stack sizes (-Xss)
#   Set larger code cache with -XX:ReservedCodeCacheSize=
#   JVM is running with Unscaled Compressed Oops mode in which the Java heap is
#     placed in the first 4GB address space. The Java Heap base address is the
#     maximum limit for the native heap growth. Please use -XX:HeapBaseMinAddress
#     to set the Java Heap base and to place the Java Heap above 4GB virtual address.
# This output file may be truncated or incomplete.
#
#  Out of Memory Error (virtualSpaceNode.cpp:112), pid=624, tid=17636
#
# JRE version: Java(TM) SE Runtime Environment (22.0.2+9) (build 22.0.2+9-70)
# Java VM: Java HotSpot(TM) 64-Bit Server VM (22.0.2+9-70, mixed mode, sharing, tiered, compressed oops, compressed class ptrs, g1 gc, windows-amd64)
# No core dump will be written. Minidumps are not enabled by default on client versions of Windows
#

---------------  S U M M A R Y ------------

Command Line: -Dfile.encoding=UTF-8 --module-path=C:\Users\ASUS\Documents\NetBeansProjects\SistemaFacturacionMinimarket\build\classes Vista.MenuPrincipal

Host: Intel(R) Core(TM) i5-1035G1 CPU @ 1.00GHz, 8 cores, 7G,  Windows 11 , 64 bit Build 22621 (10.0.22621.4391)
Time: Mon Nov 18 12:34:43 2024 Hora est. Pacífico, Sudamérica elapsed time: 0.361583 seconds (0d 0h 0m 0s)

---------------  T H R E A D  ---------------

Current thread (0x000001b0eda18f20):  JavaThread "AWT-EventQueue-0"        [_thread_in_vm, id=17636, stack(0x0000000101e00000,0x0000000101f00000) (1024K)]

Stack: [0x0000000101e00000,0x0000000101f00000]
Native frames: (J=compiled Java code, j=interpreted, Vv=VM code, C=native code)
V  [jvm.dll+0x6e26e9]  (no source info available)
V  [jvm.dll+0x875753]  (no source info available)
V  [jvm.dll+0x877b7e]  (no source info available)
V  [jvm.dll+0x878253]  (no source info available)
V  [jvm.dll+0x27fc86]  (no source info available)
V  [jvm.dll+0x87139e]  (no source info available)
V  [jvm.dll+0x685755]  (no source info available)
V  [jvm.dll+0x6857ba]  (no source info available)
V  [jvm.dll+0x687ffa]  (no source info available)
V  [jvm.dll+0x224f6c]  (no source info available)
V  [jvm.dll+0x68616e]  (no source info available)
V  [jvm.dll+0x26b0a0]  (no source info available)
V  [jvm.dll+0x215bb7]  (no source info available)
V  [jvm.dll+0x20b3ae]  (no source info available)
V  [jvm.dll+0x5c4a8f]  (no source info available)
V  [jvm.dll+0x21cb2a]  (no source info available)
V  [jvm.dll+0x7ebe8c]  (no source info available)
V  [jvm.dll+0x7ecf26]  (no source info available)
V  [jvm.dll+0x7ed534]  (no source info available)
V  [jvm.dll+0x7ed1b8]  (no source info available)
V  [jvm.dll+0x26d6ab]  (no source info available)
V  [jvm.dll+0x3d9eae]  (no source info available)
C  0x000001b09a54b47f  (no source info available)

The last pc belongs to new (printed below).
Java frames: (J=compiled Java code, j=interpreted, Vv=VM code)
j  sun.awt.im.InputMethodManager.getInstance()Lsun/awt/im/InputMethodManager;+22 java.desktop@22.0.2
j  sun.awt.windows.WFramePeer.<init>(Ljava/awt/Frame;)V+5 java.desktop@22.0.2
j  sun.awt.windows.WToolkit.createFrame(Ljava/awt/Frame;)Ljava/awt/peer/FramePeer;+5 java.desktop@22.0.2
j  java.awt.Frame.addNotify()V+20 java.desktop@22.0.2
j  java.awt.Window.show()V+8 java.desktop@22.0.2
j  java.awt.Component.show(Z)V+5 java.desktop@22.0.2
j  java.awt.Component.setVisible(Z)V+2 java.desktop@22.0.2
j  java.awt.Window.setVisible(Z)V+2 java.desktop@22.0.2
j  Vista.MenuPrincipal.lambda$main$4()V+10
j  Vista.MenuPrincipal$$Lambda+0x000001b0a9003128.run()V+0
j  java.awt.event.InvocationEvent.dispatch()V+47 java.desktop@22.0.2
j  java.awt.EventQueue.dispatchEventImpl(Ljava/awt/AWTEvent;Ljava/lang/Object;)V+21 java.desktop@22.0.2
j  java.awt.EventQueue$4.run()Ljava/lang/Void;+32 java.desktop@22.0.2
j  java.awt.EventQueue$4.run()Ljava/lang/Object;+1 java.desktop@22.0.2
j  java.security.AccessController.executePrivileged(Ljava/security/PrivilegedAction;Ljava/security/AccessControlContext;Ljava/lang/Class;)Ljava/lang/Object;+29 java.base@22.0.2
j  java.security.AccessController.doPrivileged(Ljava/security/PrivilegedAction;Ljava/security/AccessControlContext;)Ljava/lang/Object;+13 java.base@22.0.2
j  java.security.ProtectionDomain$JavaSecurityAccessImpl.doIntersectionPrivilege(Ljava/security/PrivilegedAction;Ljava/security/AccessControlContext;Ljava/security/AccessControlContext;)Ljava/lang/Object;+18 java.base@22.0.2
j  java.awt.EventQueue.dispatchEvent(Ljava/awt/AWTEvent;)V+46 java.desktop@22.0.2
j  java.awt.EventDispatchThread.pumpOneEventForFilters(I)V+81 java.desktop@22.0.2
j  java.awt.EventDispatchThread.pumpEventsForFilter(ILjava/awt/Conditional;Ljava/awt/EventFilter;)V+35 java.desktop@22.0.2
j  java.awt.EventDispatchThread.pumpEventsForHierarchy(ILjava/awt/Conditional;Ljava/awt/Component;)V+11 java.desktop@22.0.2
j  java.awt.EventDispatchThread.pumpEvents(ILjava/awt/Conditional;)V+4 java.desktop@22.0.2
j  java.awt.EventDispatchThread.pumpEvents(Ljava/awt/Conditional;)V+3 java.desktop@22.0.2
j  java.awt.EventDispatchThread.run()V+9 java.desktop@22.0.2
v  ~StubRoutines::call_stub 0x000001b09a53100d
new  187 new  [0x000001b09a54b300, 0x000001b09a54b508]  520 bytes
[MachCode]
  0x000001b09a54b300: 4883 ec08 | c5fa 1104 | 24eb 1f48 | 83ec 10c5 | fb11 0424 | eb14 4883 | ec10 4889 | 0424 48c7 
  0x000001b09a54b320: 4424 0800 | 0000 00eb | 0150 410f | b755 010f | cac1 ea10 | 488b 4de8 | 488b 4908 | 488b 4908 
  0x000001b09a54b340: 488b 4108 | 807c 1004 | 070f 85d3 | 0000 0066 | 8b54 d148 | 488b 4928 | 488b 4cd1 | 0851 80b9 
  0x000001b09a54b360: 2001 0000 | 050f 85b6 | 0000 008b | 5108 f6c2 | 010f 85aa | 0000 0049 | 8b87 b801 | 0000 488d 
  0x000001b09a54b380: 1c10 493b | 9fc8 0100 | 000f 8792 | 0000 0049 | 899f b801 | 0000 4883 | ea10 0f84 | 0f00 0000 
  0x000001b09a54b3a0: 33c9 c1ea | 0348 894c | d008 48ff | ca75 f648 | c700 0100 | 0000 5933 | f689 700c | 49ba 0000 
  0x000001b09a54b3c0: 00a8 b001 | 0000 492b | ca89 4808 | 49ba 6d40 | b864 fc7f | 0000 4180 | 3a00 0f84 | 3c00 0000 
  0x000001b09a54b3e0: 5048 8bc8 | 4883 ec20 | 40f6 c40f | 0f84 1900 | 0000 4883 | ec08 48b8 | c0b9 6864 | fc7f 0000 
  0x000001b09a54b400: ffd0 4883 | c408 e90c | 0000 0048 | b8c0 b968 | 64fc 7f00 | 00ff d048 | 83c4 2058 | e9cb 0000 
  0x000001b09a54b420: 0059 488b | 55e8 488b | 5208 488b | 5208 450f | b745 0141 | 0fc8 41c1 | e810 e805 | 0000 00e9 
  0x000001b09a54b440: a800 0000 | 488d 4424 | 084c 896d | c049 8bcf | c5f8 7749 | 89af b003 | 0000 4989 | 87a0 0300 
  0x000001b09a54b460: 0048 83ec | 2040 f6c4 | 0f0f 8419 | 0000 0048 | 83ec 0848 | b860 9e31 | 64fc 7f00 | 00ff d048 
  0x000001b09a54b480: 83c4 08e9 | 0c00 0000 | 48b8 609e | 3164 fc7f | 0000 ffd0 | 4883 c420 | 49c7 87a0 | 0300 0000 
  0x000001b09a54b4a0: 0000 0049 | c787 b003 | 0000 0000 | 0000 49c7 | 87a8 0300 | 0000 0000 | 00c5 f877 | 4983 7f08 
  0x000001b09a54b4c0: 000f 8405 | 0000 00e9 | 345a feff | 498b 87f8 | 0300 0049 | c787 f803 | 0000 0000 | 0000 4c8b 
  0x000001b09a54b4e0: 6dc0 4c8b | 75c8 4e8d | 74f5 00c3 | 410f b65d | 0349 83c5 | 0349 ba30 | 09bc 64fc | 7f00 0041 
  0x000001b09a54b500: ff24 da0f | 1f44 0000 
[/MachCode]

---------------  P R O C E S S  ---------------

Threads class SMR info:
_java_thread_list=0x000001b0eda026a0, length=18, elements={
0x000001b0a7425270, 0x000001b0a7426230, 0x000001b0a742aed0, 0x000001b0a742beb0,
0x000001b0a742cbb0, 0x000001b0a74358c0, 0x000001b0a7438760, 0x000001b0a743d720,
0x000001b0a76753a0, 0x000001b0a77ade40, 0x000001b0a77bfd80, 0x000001b0a7955c20,
0x000001b0a7956aa0, 0x000001b0a78a1e10, 0x000001b0a79953c0, 0x000001b0eda0e4e0,
0x000001b0eda18f20, 0x000001b0889ff2c0
}

Java Threads: ( => current thread )
  0x000001b0a7425270 JavaThread "Reference Handler"          daemon [_thread_blocked, id=19956, stack(0x0000000100e00000,0x0000000100f00000) (1024K)]
  0x000001b0a7426230 JavaThread "Finalizer"                  daemon [_thread_blocked, id=9592, stack(0x0000000100f00000,0x0000000101000000) (1024K)]
  0x000001b0a742aed0 JavaThread "Signal Dispatcher"          daemon [_thread_blocked, id=17932, stack(0x0000000101000000,0x0000000101100000) (1024K)]
  0x000001b0a742beb0 JavaThread "Attach Listener"            daemon [_thread_blocked, id=16020, stack(0x0000000101100000,0x0000000101200000) (1024K)]
  0x000001b0a742cbb0 JavaThread "Service Thread"             daemon [_thread_blocked, id=21912, stack(0x0000000101200000,0x0000000101300000) (1024K)]
  0x000001b0a74358c0 JavaThread "Monitor Deflation Thread"   daemon [_thread_blocked, id=11408, stack(0x0000000101300000,0x0000000101400000) (1024K)]
  0x000001b0a7438760 JavaThread "C2 CompilerThread0"         daemon [_thread_blocked, id=21908, stack(0x0000000101400000,0x0000000101500000) (1024K)]
  0x000001b0a743d720 JavaThread "C1 CompilerThread0"         daemon [_thread_blocked, id=11484, stack(0x0000000101500000,0x0000000101600000) (1024K)]
  0x000001b0a76753a0 JavaThread "Common-Cleaner"             daemon [_thread_blocked, id=21044, stack(0x0000000101600000,0x0000000101700000) (1024K)]
  0x000001b0a77ade40 JavaThread "C2 CompilerThread1"         daemon [_thread_blocked, id=15452, stack(0x0000000101700000,0x0000000101800000) (1024K)]
  0x000001b0a77bfd80 JavaThread "Notification Thread"        daemon [_thread_blocked, id=6540, stack(0x0000000101800000,0x0000000101900000) (1024K)]
  0x000001b0a7955c20 JavaThread "Java2D Disposer"            daemon [_thread_blocked, id=12932, stack(0x0000000101900000,0x0000000101a00000) (1024K)]
  0x000001b0a7956aa0 JavaThread "AWT-Shutdown"                      [_thread_blocked, id=9008, stack(0x0000000101a00000,0x0000000101b00000) (1024K)]
  0x000001b0a78a1e10 JavaThread "AWT-Windows"                daemon [_thread_in_native, id=11640, stack(0x0000000101b00000,0x0000000101c00000) (1024K)]
  0x000001b0a79953c0 JavaThread "EventQueueMonitor-ComponentEvtDispatch" daemon [_thread_blocked, id=18364, stack(0x0000000101c00000,0x0000000101d00000) (1024K)]
  0x000001b0eda0e4e0 JavaThread "Thread-1"                   daemon [_thread_in_native, id=17052, stack(0x0000000101d00000,0x0000000101e00000) (1024K)]
=>0x000001b0eda18f20 JavaThread "AWT-EventQueue-0"                  [_thread_in_vm, id=17636, stack(0x0000000101e00000,0x0000000101f00000) (1024K)]
  0x000001b0889ff2c0 JavaThread "DestroyJavaVM"                     [_thread_blocked, id=20392, stack(0x0000000100600000,0x0000000100700000) (1024K)]
Total: 18

Other Threads:
  0x000001b0a7407250 VMThread "VM Thread"                           [id=15640, stack(0x0000000100d00000,0x0000000100e00000) (1024K)]
  0x000001b0a73edd80 WatcherThread "VM Periodic Task Thread"        [id=7524, stack(0x0000000100c00000,0x0000000100d00000) (1024K)]
  0x000001b08ad00e50 WorkerThread "GC Thread#0"                     [id=21108, stack(0x0000000100700000,0x0000000100800000) (1024K)]
  0x000001b08ad11640 ConcurrentGCThread "G1 Main Marker"            [id=12472, stack(0x0000000100800000,0x0000000100900000) (1024K)]
  0x000001b08ad12300 WorkerThread "G1 Conc#0"                       [id=18984, stack(0x0000000100900000,0x0000000100a00000) (1024K)]
  0x000001b0a72c2570 ConcurrentGCThread "G1 Refine#0"               [id=7164, stack(0x0000000100a00000,0x0000000100b00000) (1024K)]
  0x000001b0a72c2da0 ConcurrentGCThread "G1 Service"                [id=8116, stack(0x0000000100b00000,0x0000000100c00000) (1024K)]
Total: 7

Threads with active compile tasks:
Total: 0

VM state: not at safepoint (normal execution)

VM Mutex/Monitor currently owned by a thread:  ([mutex/lock_event])
[0x00007ffc64baab00] Metaspace_lock - owner thread: 0x000001b0eda18f20

Heap address: 0x0000000084000000, size: 1984 MB, Compressed Oops mode: 32-bit

CDS archive(s) mapped at: [0x000001b0a8000000-0x000001b0a8c60000-0x000001b0a8c60000), size 12976128, SharedBaseAddress: 0x000001b0a8000000, ArchiveRelocationMode: 1.
Compressed class space mapped at: 0x000001b0a9000000-0x000001b0e9000000, reserved size: 1073741824
Narrow klass base: 0x000001b0a8000000, Narrow klass shift: 0, Narrow klass range: 0x41000000

GC Precious Log:
 CardTable entry size: 512
 Card Set container configuration: InlinePtr #cards 5 size 8 Array Of Cards #cards 12 size 40 Howl #buckets 4 coarsen threshold 1843 Howl Bitmap #cards 512 size 80 coarsen threshold 460 Card regions per heap region 1 cards per card region 2048
 CPUs: 8 total, 8 available
 Memory: 7929M
 Large Page Support: Disabled
 NUMA Support: Disabled
 Compressed Oops: Enabled (32-bit)
 Heap Region Size: 1M
 Heap Min Capacity: 8M
 Heap Initial Capacity: 124M
 Heap Max Capacity: 1984M
 Pre-touch: Disabled
 Parallel Workers: 8
 Concurrent Workers: 2
 Concurrent Refinement Workers: 8
 Periodic GC: Disabled

Heap:
 garbage-first heap   total reserved 2031616K, committed 126976K, used 6144K [0x0000000084000000, 0x0000000100000000)
  region size 1024K, 7 young (7168K), 0 survivors (0K)
 Metaspace       used 5306K, committed 5440K, reserved 1114112K
  class space    used 589K, committed 640K, reserved 1048576K

Heap Regions: E=young(eden), S=young(survivor), O=old, HS=humongous(starts), HC=humongous(continues), CS=collection set, F=free, TAMS=top-at-mark-start, PB=parsable bottom
|   0|0x0000000084000000, 0x0000000084000000, 0x0000000084100000|  0%| F|  |TAMS 0x0000000084000000| PB 0x0000000084000000| Untracked |  0
|   1|0x0000000084100000, 0x0000000084100000, 0x0000000084200000|  0%| F|  |TAMS 0x0000000084100000| PB 0x0000000084100000| Untracked |  0
|   2|0x0000000084200000, 0x0000000084200000, 0x0000000084300000|  0%| F|  |TAMS 0x0000000084200000| PB 0x0000000084200000| Untracked |  0
|   3|0x0000000084300000, 0x0000000084300000, 0x0000000084400000|  0%| F|  |TAMS 0x0000000084300000| PB 0x0000000084300000| Untracked |  0
|   4|0x0000000084400000, 0x0000000084400000, 0x0000000084500000|  0%| F|  |TAMS 0x0000000084400000| PB 0x0000000084400000| Untracked |  0
|   5|0x0000000084500000, 0x0000000084500000, 0x0000000084600000|  0%| F|  |TAMS 0x0000000084500000| PB 0x0000000084500000| Untracked |  0
|   6|0x0000000084600000, 0x0000000084600000, 0x0000000084700000|  0%| F|  |TAMS 0x0000000084600000| PB 0x0000000084600000| Untracked |  0
|   7|0x0000000084700000, 0x0000000084700000, 0x0000000084800000|  0%| F|  |TAMS 0x0000000084700000| PB 0x0000000084700000| Untracked |  0
|   8|0x0000000084800000, 0x0000000084800000, 0x0000000084900000|  0%| F|  |TAMS 0x0000000084800000| PB 0x0000000084800000| Untracked |  0
|   9|0x0000000084900000, 0x0000000084900000, 0x0000000084a00000|  0%| F|  |TAMS 0x0000000084900000| PB 0x0000000084900000| Untracked |  0
|  10|0x0000000084a00000, 0x0000000084a00000, 0x0000000084b00000|  0%| F|  |TAMS 0x0000000084a00000| PB 0x0000000084a00000| Untracked |  0
|  11|0x0000000084b00000, 0x0000000084b00000, 0x0000000084c00000|  0%| F|  |TAMS 0x0000000084b00000| PB 0x0000000084b00000| Untracked |  0
|  12|0x0000000084c00000, 0x0000000084c00000, 0x0000000084d00000|  0%| F|  |TAMS 0x0000000084c00000| PB 0x0000000084c00000| Untracked |  0
|  13|0x0000000084d00000, 0x0000000084d00000, 0x0000000084e00000|  0%| F|  |TAMS 0x0000000084d00000| PB 0x0000000084d00000| Untracked |  0
|  14|0x0000000084e00000, 0x0000000084e00000, 0x0000000084f00000|  0%| F|  |TAMS 0x0000000084e00000| PB 0x0000000084e00000| Untracked |  0
|  15|0x0000000084f00000, 0x0000000084f00000, 0x0000000085000000|  0%| F|  |TAMS 0x0000000084f00000| PB 0x0000000084f00000| Untracked |  0
|  16|0x0000000085000000, 0x0000000085000000, 0x0000000085100000|  0%| F|  |TAMS 0x0000000085000000| PB 0x0000000085000000| Untracked |  0
|  17|0x0000000085100000, 0x0000000085100000, 0x0000000085200000|  0%| F|  |TAMS 0x0000000085100000| PB 0x0000000085100000| Untracked |  0
|  18|0x0000000085200000, 0x0000000085200000, 0x0000000085300000|  0%| F|  |TAMS 0x0000000085200000| PB 0x0000000085200000| Untracked |  0
|  19|0x0000000085300000, 0x0000000085300000, 0x0000000085400000|  0%| F|  |TAMS 0x0000000085300000| PB 0x0000000085300000| Untracked |  0
|  20|0x0000000085400000, 0x0000000085400000, 0x0000000085500000|  0%| F|  |TAMS 0x0000000085400000| PB 0x0000000085400000| Untracked |  0
|  21|0x0000000085500000, 0x0000000085500000, 0x0000000085600000|  0%| F|  |TAMS 0x0000000085500000| PB 0x0000000085500000| Untracked |  0
|  22|0x0000000085600000, 0x0000000085600000, 0x0000000085700000|  0%| F|  |TAMS 0x0000000085600000| PB 0x0000000085600000| Untracked |  0
|  23|0x0000000085700000, 0x0000000085700000, 0x0000000085800000|  0%| F|  |TAMS 0x0000000085700000| PB 0x0000000085700000| Untracked |  0
|  24|0x0000000085800000, 0x0000000085800000, 0x0000000085900000|  0%| F|  |TAMS 0x0000000085800000| PB 0x0000000085800000| Untracked |  0
|  25|0x0000000085900000, 0x0000000085900000, 0x0000000085a00000|  0%| F|  |TAMS 0x0000000085900000| PB 0x0000000085900000| Untracked |  0
|  26|0x0000000085a00000, 0x0000000085a00000, 0x0000000085b00000|  0%| F|  |TAMS 0x0000000085a00000| PB 0x0000000085a00000| Untracked |  0
|  27|0x0000000085b00000, 0x0000000085b00000, 0x0000000085c00000|  0%| F|  |TAMS 0x0000000085b00000| PB 0x0000000085b00000| Untracked |  0
|  28|0x0000000085c00000, 0x0000000085c00000, 0x0000000085d00000|  0%| F|  |TAMS 0x0000000085c00000| PB 0x0000000085c00000| Untracked |  0
|  29|0x0000000085d00000, 0x0000000085d00000, 0x0000000085e00000|  0%| F|  |TAMS 0x0000000085d00000| PB 0x0000000085d00000| Untracked |  0
|  30|0x0000000085e00000, 0x0000000085e00000, 0x0000000085f00000|  0%| F|  |TAMS 0x0000000085e00000| PB 0x0000000085e00000| Untracked |  0
|  31|0x0000000085f00000, 0x0000000085f00000, 0x0000000086000000|  0%| F|  |TAMS 0x0000000085f00000| PB 0x0000000085f00000| Untracked |  0
|  32|0x0000000086000000, 0x0000000086000000, 0x0000000086100000|  0%| F|  |TAMS 0x0000000086000000| PB 0x0000000086000000| Untracked |  0
|  33|0x0000000086100000, 0x0000000086100000, 0x0000000086200000|  0%| F|  |TAMS 0x0000000086100000| PB 0x0000000086100000| Untracked |  0
|  34|0x0000000086200000, 0x0000000086200000, 0x0000000086300000|  0%| F|  |TAMS 0x0000000086200000| PB 0x0000000086200000| Untracked |  0
|  35|0x0000000086300000, 0x0000000086300000, 0x0000000086400000|  0%| F|  |TAMS 0x0000000086300000| PB 0x0000000086300000| Untracked |  0
|  36|0x0000000086400000, 0x0000000086400000, 0x0000000086500000|  0%| F|  |TAMS 0x0000000086400000| PB 0x0000000086400000| Untracked |  0
|  37|0x0000000086500000, 0x0000000086500000, 0x0000000086600000|  0%| F|  |TAMS 0x0000000086500000| PB 0x0000000086500000| Untracked |  0
|  38|0x0000000086600000, 0x0000000086600000, 0x0000000086700000|  0%| F|  |TAMS 0x0000000086600000| PB 0x0000000086600000| Untracked |  0
|  39|0x0000000086700000, 0x0000000086700000, 0x0000000086800000|  0%| F|  |TAMS 0x0000000086700000| PB 0x0000000086700000| Untracked |  0
|  40|0x0000000086800000, 0x0000000086800000, 0x0000000086900000|  0%| F|  |TAMS 0x0000000086800000| PB 0x0000000086800000| Untracked |  0
|  41|0x0000000086900000, 0x0000000086900000, 0x0000000086a00000|  0%| F|  |TAMS 0x0000000086900000| PB 0x0000000086900000| Untracked |  0
|  42|0x0000000086a00000, 0x0000000086a00000, 0x0000000086b00000|  0%| F|  |TAMS 0x0000000086a00000| PB 0x0000000086a00000| Untracked |  0
|  43|0x0000000086b00000, 0x0000000086b00000, 0x0000000086c00000|  0%| F|  |TAMS 0x0000000086b00000| PB 0x0000000086b00000| Untracked |  0
|  44|0x0000000086c00000, 0x0000000086c00000, 0x0000000086d00000|  0%| F|  |TAMS 0x0000000086c00000| PB 0x0000000086c00000| Untracked |  0
|  45|0x0000000086d00000, 0x0000000086d00000, 0x0000000086e00000|  0%| F|  |TAMS 0x0000000086d00000| PB 0x0000000086d00000| Untracked |  0
|  46|0x0000000086e00000, 0x0000000086e00000, 0x0000000086f00000|  0%| F|  |TAMS 0x0000000086e00000| PB 0x0000000086e00000| Untracked |  0
|  47|0x0000000086f00000, 0x0000000086f00000, 0x0000000087000000|  0%| F|  |TAMS 0x0000000086f00000| PB 0x0000000086f00000| Untracked |  0
|  48|0x0000000087000000, 0x0000000087000000, 0x0000000087100000|  0%| F|  |TAMS 0x0000000087000000| PB 0x0000000087000000| Untracked |  0
|  49|0x0000000087100000, 0x0000000087100000, 0x0000000087200000|  0%| F|  |TAMS 0x0000000087100000| PB 0x0000000087100000| Untracked |  0
|  50|0x0000000087200000, 0x0000000087200000, 0x0000000087300000|  0%| F|  |TAMS 0x0000000087200000| PB 0x0000000087200000| Untracked |  0
|  51|0x0000000087300000, 0x0000000087300000, 0x0000000087400000|  0%| F|  |TAMS 0x0000000087300000| PB 0x0000000087300000| Untracked |  0
|  52|0x0000000087400000, 0x0000000087400000, 0x0000000087500000|  0%| F|  |TAMS 0x0000000087400000| PB 0x0000000087400000| Untracked |  0
|  53|0x0000000087500000, 0x0000000087500000, 0x0000000087600000|  0%| F|  |TAMS 0x0000000087500000| PB 0x0000000087500000| Untracked |  0
|  54|0x0000000087600000, 0x0000000087600000, 0x0000000087700000|  0%| F|  |TAMS 0x0000000087600000| PB 0x0000000087600000| Untracked |  0
|  55|0x0000000087700000, 0x0000000087700000, 0x0000000087800000|  0%| F|  |TAMS 0x0000000087700000| PB 0x0000000087700000| Untracked |  0
|  56|0x0000000087800000, 0x0000000087800000, 0x0000000087900000|  0%| F|  |TAMS 0x0000000087800000| PB 0x0000000087800000| Untracked |  0
|  57|0x0000000087900000, 0x0000000087900000, 0x0000000087a00000|  0%| F|  |TAMS 0x0000000087900000| PB 0x0000000087900000| Untracked |  0
|  58|0x0000000087a00000, 0x0000000087a00000, 0x0000000087b00000|  0%| F|  |TAMS 0x0000000087a00000| PB 0x0000000087a00000| Untracked |  0
|  59|0x0000000087b00000, 0x0000000087b00000, 0x0000000087c00000|  0%| F|  |TAMS 0x0000000087b00000| PB 0x0000000087b00000| Untracked |  0
|  60|0x0000000087c00000, 0x0000000087c00000, 0x0000000087d00000|  0%| F|  |TAMS 0x0000000087c00000| PB 0x0000000087c00000| Untracked |  0
|  61|0x0000000087d00000, 0x0000000087d00000, 0x0000000087e00000|  0%| F|  |TAMS 0x0000000087d00000| PB 0x0000000087d00000| Untracked |  0
|  62|0x0000000087e00000, 0x0000000087e00000, 0x0000000087f00000|  0%| F|  |TAMS 0x0000000087e00000| PB 0x0000000087e00000| Untracked |  0
|  63|0x0000000087f00000, 0x0000000087f00000, 0x0000000088000000|  0%| F|  |TAMS 0x0000000087f00000| PB 0x0000000087f00000| Untracked |  0
|  64|0x0000000088000000, 0x0000000088000000, 0x0000000088100000|  0%| F|  |TAMS 0x0000000088000000| PB 0x0000000088000000| Untracked |  0
|  65|0x0000000088100000, 0x0000000088100000, 0x0000000088200000|  0%| F|  |TAMS 0x0000000088100000| PB 0x0000000088100000| Untracked |  0
|  66|0x0000000088200000, 0x0000000088200000, 0x0000000088300000|  0%| F|  |TAMS 0x0000000088200000| PB 0x0000000088200000| Untracked |  0
|  67|0x0000000088300000, 0x0000000088300000, 0x0000000088400000|  0%| F|  |TAMS 0x0000000088300000| PB 0x0000000088300000| Untracked |  0
|  68|0x0000000088400000, 0x0000000088400000, 0x0000000088500000|  0%| F|  |TAMS 0x0000000088400000| PB 0x0000000088400000| Untracked |  0
|  69|0x0000000088500000, 0x0000000088500000, 0x0000000088600000|  0%| F|  |TAMS 0x0000000088500000| PB 0x0000000088500000| Untracked |  0
|  70|0x0000000088600000, 0x0000000088600000, 0x0000000088700000|  0%| F|  |TAMS 0x0000000088600000| PB 0x0000000088600000| Untracked |  0
|  71|0x0000000088700000, 0x0000000088700000, 0x0000000088800000|  0%| F|  |TAMS 0x0000000088700000| PB 0x0000000088700000| Untracked |  0
|  72|0x0000000088800000, 0x0000000088800000, 0x0000000088900000|  0%| F|  |TAMS 0x0000000088800000| PB 0x0000000088800000| Untracked |  0
|  73|0x0000000088900000, 0x0000000088900000, 0x0000000088a00000|  0%| F|  |TAMS 0x0000000088900000| PB 0x0000000088900000| Untracked |  0
|  74|0x0000000088a00000, 0x0000000088a00000, 0x0000000088b00000|  0%| F|  |TAMS 0x0000000088a00000| PB 0x0000000088a00000| Untracked |  0
|  75|0x0000000088b00000, 0x0000000088b00000, 0x0000000088c00000|  0%| F|  |TAMS 0x0000000088b00000| PB 0x0000000088b00000| Untracked |  0
|  76|0x0000000088c00000, 0x0000000088c00000, 0x0000000088d00000|  0%| F|  |TAMS 0x0000000088c00000| PB 0x0000000088c00000| Untracked |  0
|  77|0x0000000088d00000, 0x0000000088d00000, 0x0000000088e00000|  0%| F|  |TAMS 0x0000000088d00000| PB 0x0000000088d00000| Untracked |  0
|  78|0x0000000088e00000, 0x0000000088e00000, 0x0000000088f00000|  0%| F|  |TAMS 0x0000000088e00000| PB 0x0000000088e00000| Untracked |  0
|  79|0x0000000088f00000, 0x0000000088f00000, 0x0000000089000000|  0%| F|  |TAMS 0x0000000088f00000| PB 0x0000000088f00000| Untracked |  0
|  80|0x0000000089000000, 0x0000000089000000, 0x0000000089100000|  0%| F|  |TAMS 0x0000000089000000| PB 0x0000000089000000| Untracked |  0
|  81|0x0000000089100000, 0x0000000089100000, 0x0000000089200000|  0%| F|  |TAMS 0x0000000089100000| PB 0x0000000089100000| Untracked |  0
|  82|0x0000000089200000, 0x0000000089200000, 0x0000000089300000|  0%| F|  |TAMS 0x0000000089200000| PB 0x0000000089200000| Untracked |  0
|  83|0x0000000089300000, 0x0000000089300000, 0x0000000089400000|  0%| F|  |TAMS 0x0000000089300000| PB 0x0000000089300000| Untracked |  0
|  84|0x0000000089400000, 0x0000000089400000, 0x0000000089500000|  0%| F|  |TAMS 0x0000000089400000| PB 0x0000000089400000| Untracked |  0
|  85|0x0000000089500000, 0x0000000089500000, 0x0000000089600000|  0%| F|  |TAMS 0x0000000089500000| PB 0x0000000089500000| Untracked |  0
|  86|0x0000000089600000, 0x0000000089600000, 0x0000000089700000|  0%| F|  |TAMS 0x0000000089600000| PB 0x0000000089600000| Untracked |  0
|  87|0x0000000089700000, 0x0000000089700000, 0x0000000089800000|  0%| F|  |TAMS 0x0000000089700000| PB 0x0000000089700000| Untracked |  0
|  88|0x0000000089800000, 0x0000000089800000, 0x0000000089900000|  0%| F|  |TAMS 0x0000000089800000| PB 0x0000000089800000| Untracked |  0
|  89|0x0000000089900000, 0x0000000089900000, 0x0000000089a00000|  0%| F|  |TAMS 0x0000000089900000| PB 0x0000000089900000| Untracked |  0
|  90|0x0000000089a00000, 0x0000000089a00000, 0x0000000089b00000|  0%| F|  |TAMS 0x0000000089a00000| PB 0x0000000089a00000| Untracked |  0
|  91|0x0000000089b00000, 0x0000000089b00000, 0x0000000089c00000|  0%| F|  |TAMS 0x0000000089b00000| PB 0x0000000089b00000| Untracked |  0
|  92|0x0000000089c00000, 0x0000000089c00000, 0x0000000089d00000|  0%| F|  |TAMS 0x0000000089c00000| PB 0x0000000089c00000| Untracked |  0
|  93|0x0000000089d00000, 0x0000000089d00000, 0x0000000089e00000|  0%| F|  |TAMS 0x0000000089d00000| PB 0x0000000089d00000| Untracked |  0
|  94|0x0000000089e00000, 0x0000000089e00000, 0x0000000089f00000|  0%| F|  |TAMS 0x0000000089e00000| PB 0x0000000089e00000| Untracked |  0
|  95|0x0000000089f00000, 0x0000000089f00000, 0x000000008a000000|  0%| F|  |TAMS 0x0000000089f00000| PB 0x0000000089f00000| Untracked |  0
|  96|0x000000008a000000, 0x000000008a000000, 0x000000008a100000|  0%| F|  |TAMS 0x000000008a000000| PB 0x000000008a000000| Untracked |  0
|  97|0x000000008a100000, 0x000000008a100000, 0x000000008a200000|  0%| F|  |TAMS 0x000000008a100000| PB 0x000000008a100000| Untracked |  0
|  98|0x000000008a200000, 0x000000008a200000, 0x000000008a300000|  0%| F|  |TAMS 0x000000008a200000| PB 0x000000008a200000| Untracked |  0
|  99|0x000000008a300000, 0x000000008a300000, 0x000000008a400000|  0%| F|  |TAMS 0x000000008a300000| PB 0x000000008a300000| Untracked |  0
| 100|0x000000008a400000, 0x000000008a400000, 0x000000008a500000|  0%| F|  |TAMS 0x000000008a400000| PB 0x000000008a400000| Untracked |  0
| 101|0x000000008a500000, 0x000000008a500000, 0x000000008a600000|  0%| F|  |TAMS 0x000000008a500000| PB 0x000000008a500000| Untracked |  0
| 102|0x000000008a600000, 0x000000008a600000, 0x000000008a700000|  0%| F|  |TAMS 0x000000008a600000| PB 0x000000008a600000| Untracked |  0
| 103|0x000000008a700000, 0x000000008a700000, 0x000000008a800000|  0%| F|  |TAMS 0x000000008a700000| PB 0x000000008a700000| Untracked |  0
| 104|0x000000008a800000, 0x000000008a800000, 0x000000008a900000|  0%| F|  |TAMS 0x000000008a800000| PB 0x000000008a800000| Untracked |  0
| 105|0x000000008a900000, 0x000000008a900000, 0x000000008aa00000|  0%| F|  |TAMS 0x000000008a900000| PB 0x000000008a900000| Untracked |  0
| 106|0x000000008aa00000, 0x000000008aa00000, 0x000000008ab00000|  0%| F|  |TAMS 0x000000008aa00000| PB 0x000000008aa00000| Untracked |  0
| 107|0x000000008ab00000, 0x000000008ab00000, 0x000000008ac00000|  0%| F|  |TAMS 0x000000008ab00000| PB 0x000000008ab00000| Untracked |  0
| 108|0x000000008ac00000, 0x000000008ac00000, 0x000000008ad00000|  0%| F|  |TAMS 0x000000008ac00000| PB 0x000000008ac00000| Untracked |  0
| 109|0x000000008ad00000, 0x000000008ad00000, 0x000000008ae00000|  0%| F|  |TAMS 0x000000008ad00000| PB 0x000000008ad00000| Untracked |  0
| 110|0x000000008ae00000, 0x000000008ae00000, 0x000000008af00000|  0%| F|  |TAMS 0x000000008ae00000| PB 0x000000008ae00000| Untracked |  0
| 111|0x000000008af00000, 0x000000008af00000, 0x000000008b000000|  0%| F|  |TAMS 0x000000008af00000| PB 0x000000008af00000| Untracked |  0
| 112|0x000000008b000000, 0x000000008b000000, 0x000000008b100000|  0%| F|  |TAMS 0x000000008b000000| PB 0x000000008b000000| Untracked |  0
| 113|0x000000008b100000, 0x000000008b100000, 0x000000008b200000|  0%| F|  |TAMS 0x000000008b100000| PB 0x000000008b100000| Untracked |  0
| 114|0x000000008b200000, 0x000000008b200000, 0x000000008b300000|  0%| F|  |TAMS 0x000000008b200000| PB 0x000000008b200000| Untracked |  0
| 115|0x000000008b300000, 0x000000008b300000, 0x000000008b400000|  0%| F|  |TAMS 0x000000008b300000| PB 0x000000008b300000| Untracked |  0
| 116|0x000000008b400000, 0x000000008b400000, 0x000000008b500000|  0%| F|  |TAMS 0x000000008b400000| PB 0x000000008b400000| Untracked |  0
| 117|0x000000008b500000, 0x000000008b5f5e68, 0x000000008b600000| 96%| E|  |TAMS 0x000000008b500000| PB 0x000000008b500000| Complete |  0
| 118|0x000000008b600000, 0x000000008b700000, 0x000000008b700000|100%| E|CS|TAMS 0x000000008b600000| PB 0x000000008b600000| Complete |  0
| 119|0x000000008b700000, 0x000000008b800000, 0x000000008b800000|100%| E|CS|TAMS 0x000000008b700000| PB 0x000000008b700000| Complete |  0
| 120|0x000000008b800000, 0x000000008b900000, 0x000000008b900000|100%| E|CS|TAMS 0x000000008b800000| PB 0x000000008b800000| Complete |  0
| 121|0x000000008b900000, 0x000000008ba00000, 0x000000008ba00000|100%| E|CS|TAMS 0x000000008b900000| PB 0x000000008b900000| Complete |  0
| 122|0x000000008ba00000, 0x000000008bb00000, 0x000000008bb00000|100%| E|CS|TAMS 0x000000008ba00000| PB 0x000000008ba00000| Complete |  0
| 123|0x000000008bb00000, 0x000000008bc00000, 0x000000008bc00000|100%| E|CS|TAMS 0x000000008bb00000| PB 0x000000008bb00000| Complete |  0

Card table byte_map: [0x000001b0a2720000,0x000001b0a2b00000] _byte_map_base: 0x000001b0a2300000

Marking Bits: (CMBitMap*) 0x000001b08ad01560
 Bits: [0x000001b0a2b00000, 0x000001b0a4a00000)

Polling page: 0x000001b08a470000

Metaspace:

Usage:
  Non-class:      4.61 MB used.
      Class:    589.19 KB used.
       Both:      5.18 MB used.

Virtual space:
  Non-class space:       64.00 MB reserved,       4.69 MB (  7%) committed,  1 nodes.
      Class space:        1.00 GB reserved,     640.00 KB ( <1%) committed,  1 nodes.
             Both:        1.06 GB reserved,       5.31 MB ( <1%) committed. 

Chunk freelists:
   Non-Class:  10.72 MB
       Class:  15.25 MB
        Both:  25.97 MB

MaxMetaspaceSize: unlimited
CompressedClassSpaceSize: 1.00 GB
Initial GC threshold: 21.00 MB
Current GC threshold: 21.00 MB
CDS: on
 - commit_granule_bytes: 65536.
 - commit_granule_words: 8192.
 - virtual_space_node_default_size: 8388608.
 - enlarge_chunks_in_place: 1.
 - use_allocation_guard: 0.


Internal statistics:

num_allocs_failed_limit: 0.
num_arena_births: 122.
num_arena_deaths: 0.
num_vsnodes_births: 2.
num_vsnodes_deaths: 0.
num_space_committed: 85.
num_space_uncommitted: 0.
num_chunks_returned_to_freelist: 0.
num_chunks_taken_from_freelist: 181.
num_chunk_merges: 0.
num_chunk_splits: 96.
num_chunks_enlarged: 20.
num_inconsistent_stats: 0.

CodeHeap 'non-profiled nmethods': size=120000Kb used=188Kb max_used=188Kb free=119811Kb
 bounds [0x000001b09aad0000, 0x000001b09ad40000, 0x000001b0a2000000]
CodeHeap 'profiled nmethods': size=120000Kb used=823Kb max_used=823Kb free=119176Kb
 bounds [0x000001b093000000, 0x000001b093270000, 0x000001b09a530000]
CodeHeap 'non-nmethods': size=5760Kb used=1627Kb max_used=1635Kb free=4132Kb
 bounds [0x000001b09a530000, 0x000001b09a7a0000, 0x000001b09aad0000]
 total_blobs=1170 nmethods=620 adapters=455
 compilation: enabled
              stopped_count=0, restarted_count=0
 full_count=0

Compilation events (20 events):
Event: 0.340 Thread 0x000001b0a77ade40  612       4       java.lang.Integer::compare (20 bytes)
Event: 0.340 Thread 0x000001b0a743d720 nmethod 611 0x000001b0930cb310 code [0x000001b0930cb4e0, 0x000001b0930cb900]
Event: 0.340 Thread 0x000001b0a743d720  613       1       sun.java2d.loops.CompositeType::getSuperType (5 bytes)
Event: 0.340 Thread 0x000001b0a743d720 nmethod 613 0x000001b09aafe210 code [0x000001b09aafe3a0, 0x000001b09aafe468]
Event: 0.340 Thread 0x000001b0a743d720  614       3       java.util.Arrays::binarySearch0 (95 bytes)
Event: 0.340 Thread 0x000001b0a77ade40 nmethod 612 0x000001b09aafe510 code [0x000001b09aafe680, 0x000001b09aafe700]
Event: 0.340 Thread 0x000001b0a743d720 nmethod 614 0x000001b0930cba90 code [0x000001b0930cbc80, 0x000001b0930cc090]
Event: 0.341 Thread 0x000001b0a77ade40  618       4       sun.java2d.loops.GraphicsPrimitiveMgr$2::compare (24 bytes)
Event: 0.341 Thread 0x000001b0a743d720  616       3       java.util.Arrays::binarySearch (10 bytes)
Event: 0.341 Thread 0x000001b0a743d720 nmethod 616 0x000001b0930cc210 code [0x000001b0930cc3c0, 0x000001b0930cc4f0]
Event: 0.341 Thread 0x000001b0a743d720  615       3       sun.java2d.loops.GraphicsPrimitiveMgr::locate (104 bytes)
Event: 0.341 Thread 0x000001b0a743d720 nmethod 615 0x000001b0930cc610 code [0x000001b0930cc840, 0x000001b0930cd1f0]
Event: 0.341 Thread 0x000001b0a7438760 nmethod 610 0x000001b09aafe810 code [0x000001b09aafe9a0, 0x000001b09aafeaf0]
Event: 0.341 Thread 0x000001b0a743d720  617       1       sun.java2d.loops.SurfaceType::getSuperType (5 bytes)
Event: 0.341 Thread 0x000001b0a743d720 nmethod 617 0x000001b09aafec10 code [0x000001b09aafeda0, 0x000001b09aafee68]
Event: 0.342 Thread 0x000001b0a77ade40 nmethod 618 0x000001b09aafef10 code [0x000001b09aaff0a0, 0x000001b09aaff1d8]
Event: 0.344 Thread 0x000001b0a743d720  619       3       java.util.concurrent.ConcurrentHashMap$BaseIterator::hasNext (13 bytes)
Event: 0.344 Thread 0x000001b0a743d720 nmethod 619 0x000001b0930cd490 code [0x000001b0930cd620, 0x000001b0930cd780]
Event: 0.347 Thread 0x000001b0a743d720  620       3       java.security.AccessController::executePrivileged (69 bytes)
Event: 0.348 Thread 0x000001b0a743d720 nmethod 620 0x000001b0930cd810 code [0x000001b0930cd9e0, 0x000001b0930cdd08]

GC Heap History (0 events):
No events

Dll operation events (10 events):
Event: 0.012 Loaded shared library C:\Program Files\Java\jdk-22\bin\java.dll
Event: 0.054 Loaded shared library C:\Program Files\Java\jdk-22\bin\jsvml.dll
Event: 0.086 Loaded shared library C:\Program Files\Java\jdk-22\bin\net.dll
Event: 0.088 Loaded shared library C:\Program Files\Java\jdk-22\bin\nio.dll
Event: 0.111 Loaded shared library C:\Program Files\Java\jdk-22\bin\zip.dll
Event: 0.133 Loaded shared library C:\Program Files\Java\jdk-22\bin\jimage.dll
Event: 0.148 Loaded shared library C:\Program Files\Java\jdk-22\bin\awt.dll
Event: 0.221 Loaded shared library C:\Program Files\Java\jdk-22\bin\javaaccessbridge.dll
Event: 0.349 Loaded shared library C:\Program Files\Java\jdk-22\bin\freetype.dll
Event: 0.351 Loading shared library C:\Program Files\Java\jdk-22\bin\fontmanager.dll failed, error code 1455

Deoptimization events (4 events):
Event: 0.244 Thread 0x000001b0889ff2c0 Uncommon trap: trap_request=0xffffff45 fr.pc=0x000001b09aae02e8 relative=0x0000000000000a28
Event: 0.244 Thread 0x000001b0889ff2c0 Uncommon trap: reason=unstable_if action=reinterpret pc=0x000001b09aae02e8 method=java.util.HashMap.putVal(ILjava/lang/Object;Ljava/lang/Object;ZZ)Ljava/lang/Object; @ 236 c2
Event: 0.244 Thread 0x000001b0889ff2c0 DEOPT PACKING pc=0x000001b09aae02e8 sp=0x00000001006ff380
Event: 0.244 Thread 0x000001b0889ff2c0 DEOPT UNPACKING pc=0x000001b09a587da2 sp=0x00000001006ff338 mode 2

Classes loaded (20 events):
Event: 0.347 Loading class java/io/FilenameFilter
Event: 0.347 Loading class java/io/FilenameFilter done
Event: 0.347 Loading class sun/font/SunFontManager$TTFilter done
Event: 0.347 Loading class sun/font/SunFontManager$T1Filter
Event: 0.347 Loading class sun/font/SunFontManager$T1Filter done
Event: 0.347 Loading class sun/font/SunFontManager$1
Event: 0.347 Loading class sun/font/SunFontManager$1 done
Event: 0.347 Loading class sun/font/FontManagerNativeLibrary
Event: 0.347 Loading class sun/font/FontManagerNativeLibrary done
Event: 0.347 Loading class sun/font/FontManagerNativeLibrary$1
Event: 0.347 Loading class sun/font/FontManagerNativeLibrary$1 done
Event: 0.351 Loading class java/lang/UnsatisfiedLinkError
Event: 0.351 Loading class java/lang/UnsatisfiedLinkError done
Event: 0.351 Loading class java/lang/ExceptionInInitializerError
Event: 0.352 Loading class java/lang/ExceptionInInitializerError done
Event: 0.352 Loading class java/lang/StackTraceElement$HashedModules
Event: 0.353 Loading class java/lang/StackTraceElement$HashedModules done
Event: 0.357 Loading class sun/awt/im/InputMethodManager
Event: 0.357 Loading class sun/awt/im/InputMethodManager done
Event: 0.357 Loading class sun/awt/im/ExecutableInputMethodManager

Classes unloaded (0 events):
No events

Classes redefined (0 events):
No events

Internal exceptions (20 events):
Event: 0.090 Thread 0x000001b0889ff2c0 Exception <a 'sun/nio/fs/WindowsException'{0x000000008bac04a0}> (0x000000008bac04a0) 
thrown [s\open\src\hotspot\share\prims\jni.cpp, line 520]
Event: 0.091 Thread 0x000001b0889ff2c0 Exception <a 'sun/nio/fs/WindowsException'{0x000000008bac0fd8}> (0x000000008bac0fd8) 
thrown [s\open\src\hotspot\share\prims\jni.cpp, line 520]
Event: 0.091 Thread 0x000001b0889ff2c0 Exception <a 'sun/nio/fs/WindowsException'{0x000000008bac1b50}> (0x000000008bac1b50) 
thrown [s\open\src\hotspot\share\prims\jni.cpp, line 520]
Event: 0.091 Thread 0x000001b0889ff2c0 Exception <a 'sun/nio/fs/WindowsException'{0x000000008bac2688}> (0x000000008bac2688) 
thrown [s\open\src\hotspot\share\prims\jni.cpp, line 520]
Event: 0.091 Thread 0x000001b0889ff2c0 Exception <a 'sun/nio/fs/WindowsException'{0x000000008bac31e0}> (0x000000008bac31e0) 
thrown [s\open\src\hotspot\share\prims\jni.cpp, line 520]
Event: 0.091 Thread 0x000001b0889ff2c0 Exception <a 'sun/nio/fs/WindowsException'{0x000000008bac4200}> (0x000000008bac4200) 
thrown [s\open\src\hotspot\share\prims\jni.cpp, line 520]
Event: 0.138 Thread 0x000001b0889ff2c0 Exception <a 'java/lang/ClassNotFoundException'{0x000000008b9d2cd0}: sun/awt/resources/spi/awtProvider> (0x000000008b9d2cd0) 
thrown [s\open\src\hotspot\share\classfile\systemDictionary.cpp, line 313]
Event: 0.223 Thread 0x000001b0889ff2c0 Exception <a 'java/lang/ClassNotFoundException'{0x000000008b8a35e0}: com/sun/accessibility/internal/resources/spi/accessibilityProvider> (0x000000008b8a35e0) 
thrown [s\open\src\hotspot\share\classfile\systemDictionary.cpp, line 313]
Event: 0.242 Thread 0x000001b0889ff2c0 Exception <a 'java/lang/NoSuchMethodError'{0x000000008b8eff98}: 'void java.lang.invoke.DirectMethodHandle$Holder.invokeStatic(java.lang.Object, java.lang.Object)'> (0x000000008b8eff98) 
thrown [s\open\src\hotspot\share\interpreter\linkResolver.cpp, line 774]
Event: 0.276 Thread 0x000001b0eda18f20 Exception <a 'java/lang/NoSuchMethodError'{0x000000008b6a07f0}: 'void java.lang.invoke.DirectMethodHandle$Holder.invokeSpecial(java.lang.Object, java.lang.Object, java.lang.Object)'> (0x000000008b6a07f0) 
thrown [s\open\src\hotspot\share\interpreter\linkResolver.cpp, line 774]
Event: 0.283 Thread 0x000001b0eda18f20 Exception <a 'java/lang/NoSuchMethodError'{0x000000008b6c68a0}: 'java.lang.Object java.lang.invoke.DirectMethodHandle$Holder.newInvokeSpecial(java.lang.Object, java.lang.Object, java.lang.Object, java.lang.Object, java.lang.Object)'> (0x000000008b6c68a0) 
thrown [s\open\src\hotspot\share\interpreter\linkResolver.cpp, line 774]
Event: 0.288 Thread 0x000001b0eda18f20 Exception <a 'java/lang/NoSuchMethodError'{0x000000008b6f3620}: 'java.lang.Object java.lang.invoke.DirectMethodHandle$Holder.invokeStatic(java.lang.Object, int, java.lang.Object)'> (0x000000008b6f3620) 
thrown [s\open\src\hotspot\share\interpreter\linkResolver.cpp, line 774]
Event: 0.306 Thread 0x000001b0eda18f20 Exception <a 'java/lang/ClassNotFoundException'{0x000000008b595700}: com/sun/swing/internal/plaf/metal/resources/spi/metalProvider> (0x000000008b595700) 
thrown [s\open\src\hotspot\share\classfile\systemDictionary.cpp, line 313]
Event: 0.306 Thread 0x000001b0eda18f20 Exception <a 'java/lang/ClassNotFoundException'{0x000000008b599700}: com/sun/swing/internal/plaf/basic/resources/spi/basicProvider> (0x000000008b599700) 
thrown [s\open\src\hotspot\share\classfile\systemDictionary.cpp, line 313]
Event: 0.315 Thread 0x000001b0eda18f20 Exception <a 'java/lang/NoSuchMethodError'{0x000000008b5b8a08}: 'int java.lang.invoke.Invokers$Holder.invokeExact_MT(java.lang.Object, java.lang.Object)'> (0x000000008b5b8a08) 
thrown [s\open\src\hotspot\share\interpreter\linkResolver.cpp, line 774]
Event: 0.343 Thread 0x000001b0eda18f20 Exception <a 'java/lang/NoSuchMethodError'{0x000000008b5e7c78}: 'void java.lang.invoke.DirectMethodHandle$Holder.invokeStaticInit(java.lang.Object)'> (0x000000008b5e7c78) 
thrown [s\open\src\hotspot\share\interpreter\linkResolver.cpp, line 774]
Event: 0.351 Thread 0x000001b0eda18f20 Exception <a 'java/lang/UnsatisfiedLinkError'{0x000000008b5edfd0}> (0x000000008b5edfd0) 
thrown [s\open\src\hotspot\share\prims\jvm.cpp, line 3441]
Event: 0.351 Thread 0x000001b0eda18f20 Exception <a 'java/lang/UnsatisfiedLinkError'{0x000000008b5edfd0}> (0x000000008b5edfd0) 
thrown [s\open\src\hotspot\share\prims\jni.cpp, line 520]
Event: 0.353 Thread 0x000001b0eda18f20 Exception <a 'java/lang/UnsatisfiedLinkError'{0x000000008b5edfd0}> (0x000000008b5edfd0) 
thrown [s\open\src\hotspot\share\oops\instanceKlass.cpp, line 1247]
Event: 0.353 Thread 0x000001b0eda18f20 Exception <a 'java/lang/UnsatisfiedLinkError'{0x000000008b5edfd0}> (0x000000008b5edfd0) 
thrown [s\open\src\hotspot\share\oops\instanceKlass.cpp, line 1247]

ZGC Phase Switch (0 events):
No events

VM Operations (6 events):
Event: 0.092 Executing VM operation: HandshakeAllThreads (Deoptimize)
Event: 0.092 Executing VM operation: HandshakeAllThreads (Deoptimize) done
Event: 0.168 Executing VM operation: HandshakeAllThreads (Deoptimize)
Event: 0.168 Executing VM operation: HandshakeAllThreads (Deoptimize) done
Event: 0.319 Executing VM operation: HandshakeAllThreads (Deoptimize)
Event: 0.319 Executing VM operation: HandshakeAllThreads (Deoptimize) done

Memory protections (0 events):
No events

Nmethod flushes (0 events):
No events

Events (20 events):
Event: 0.034 Thread 0x000001b0889ff2c0 Thread added: 0x000001b0889ff2c0
Event: 0.051 Thread 0x000001b0889ff2c0 Thread added: 0x000001b0a7425270
Event: 0.051 Thread 0x000001b0889ff2c0 Thread added: 0x000001b0a7426230
Event: 0.051 Thread 0x000001b0889ff2c0 Thread added: 0x000001b0a742aed0
Event: 0.051 Thread 0x000001b0889ff2c0 Thread added: 0x000001b0a742beb0
Event: 0.052 Thread 0x000001b0889ff2c0 Thread added: 0x000001b0a742cbb0
Event: 0.052 Thread 0x000001b0889ff2c0 Thread added: 0x000001b0a74358c0
Event: 0.052 Thread 0x000001b0889ff2c0 Thread added: 0x000001b0a7438760
Event: 0.052 Thread 0x000001b0889ff2c0 Thread added: 0x000001b0a743d720
Event: 0.074 Thread 0x000001b0889ff2c0 Thread added: 0x000001b0a76753a0
Event: 0.102 Thread 0x000001b0a743d720 Thread added: 0x000001b0a77ade40
Event: 0.105 Thread 0x000001b0889ff2c0 Thread added: 0x000001b0a77bfd80
Event: 0.199 Thread 0x000001b0889ff2c0 Thread added: 0x000001b0a7955c20
Event: 0.200 Thread 0x000001b0889ff2c0 Thread added: 0x000001b0a7956aa0
Event: 0.201 Thread 0x000001b0889ff2c0 Thread added: 0x000001b0a78a1e10
Event: 0.230 Thread 0x000001b0889ff2c0 Thread added: 0x000001b0a79953c0
Event: 0.241 Thread 0x000001b0889ff2c0 Thread added: 0x000001b0eda0e4e0
Event: 0.244 Thread 0x000001b0889ff2c0 Thread added: 0x000001b0eda18f20
Event: 0.245 Thread 0x000001b0889ff2c0 Thread exited: 0x000001b0889ff2c0
Event: 0.245 Thread 0x000001b0889ff2c0 Thread added: 0x000001b0889ff2c0


Dynamic libraries:
0x00007ff6acd10000 - 0x00007ff6acd20000 	C:\Program Files\Java\jdk-22\bin\java.exe
0x00007ffd035f0000 - 0x00007ffd03807000 	C:\WINDOWS\SYSTEM32\ntdll.dll
0x00007ffd019e0000 - 0x00007ffd01aa4000 	C:\WINDOWS\System32\KERNEL32.DLL
0x00007ffd00e90000 - 0x00007ffd01249000 	C:\WINDOWS\System32\KERNELBASE.dll
0x00007ffd00cf0000 - 0x00007ffd00e01000 	C:\WINDOWS\System32\ucrtbase.dll
0x00007ffcee600000 - 0x00007ffcee617000 	C:\Program Files\Java\jdk-22\bin\jli.dll
0x00007ffcfbd30000 - 0x00007ffcfbd4b000 	C:\Program Files\Java\jdk-22\bin\VCRUNTIME140.dll
0x00007ffd02bd0000 - 0x00007ffd02d7e000 	C:\WINDOWS\System32\USER32.dll
0x00007ffcea650000 - 0x00007ffcea8e2000 	C:\WINDOWS\WinSxS\amd64_microsoft.windows.common-controls_6595b64144ccf1df_6.0.22621.4391_none_2715d37f73803e96\COMCTL32.dll
0x00007ffd00bf0000 - 0x00007ffd00c16000 	C:\WINDOWS\System32\win32u.dll
0x00007ffd023b0000 - 0x00007ffd02457000 	C:\WINDOWS\System32\msvcrt.dll
0x00007ffd03130000 - 0x00007ffd03159000 	C:\WINDOWS\System32\GDI32.dll
0x00007ffd00ad0000 - 0x00007ffd00beb000 	C:\WINDOWS\System32\gdi32full.dll
0x00007ffd00c20000 - 0x00007ffd00cba000 	C:\WINDOWS\System32\msvcp_win.dll
0x00007ffd01560000 - 0x00007ffd01591000 	C:\WINDOWS\System32\IMM32.DLL
0x00007ffcfc320000 - 0x00007ffcfc32c000 	C:\Program Files\Java\jdk-22\bin\vcruntime140_1.dll
0x00007ffcee290000 - 0x00007ffcee31e000 	C:\Program Files\Java\jdk-22\bin\msvcp140.dll
0x00007ffc63f40000 - 0x00007ffc64c89000 	C:\Program Files\Java\jdk-22\bin\server\jvm.dll
0x00007ffd03260000 - 0x00007ffd03312000 	C:\WINDOWS\System32\ADVAPI32.dll
0x00007ffd02460000 - 0x00007ffd02507000 	C:\WINDOWS\System32\sechost.dll
0x00007ffd00cc0000 - 0x00007ffd00ce8000 	C:\WINDOWS\System32\bcrypt.dll
0x00007ffd02a10000 - 0x00007ffd02b24000 	C:\WINDOWS\System32\RPCRT4.dll
0x00007ffd02330000 - 0x00007ffd023a1000 	C:\WINDOWS\System32\WS2_32.dll
0x00007ffcfc280000 - 0x00007ffcfc2b4000 	C:\WINDOWS\SYSTEM32\WINMM.dll
0x00007ffd007c0000 - 0x00007ffd0080d000 	C:\WINDOWS\SYSTEM32\POWRPROF.dll
0x00007ffcf2160000 - 0x00007ffcf216a000 	C:\WINDOWS\SYSTEM32\VERSION.dll
0x00007ffd007a0000 - 0x00007ffd007b3000 	C:\WINDOWS\SYSTEM32\UMPDC.dll
0x00007ffcff8f0000 - 0x00007ffcff908000 	C:\WINDOWS\SYSTEM32\kernel.appcore.dll
0x00007ffcfc300000 - 0x00007ffcfc30a000 	C:\Program Files\Java\jdk-22\bin\jimage.dll
0x00007ffcfe100000 - 0x00007ffcfe332000 	C:\WINDOWS\SYSTEM32\DBGHELP.DLL
0x00007ffd015a0000 - 0x00007ffd0192f000 	C:\WINDOWS\System32\combase.dll
0x00007ffd01310000 - 0x00007ffd013e7000 	C:\WINDOWS\System32\OLEAUT32.dll
0x00007ffcdd630000 - 0x00007ffcdd662000 	C:\WINDOWS\SYSTEM32\dbgcore.DLL
0x00007ffd00e10000 - 0x00007ffd00e8b000 	C:\WINDOWS\System32\bcryptPrimitives.dll
0x00007ffcf9950000 - 0x00007ffcf996e000 	C:\Program Files\Java\jdk-22\bin\java.dll
0x00007ffd01ab0000 - 0x00007ffd02326000 	C:\WINDOWS\System32\SHELL32.dll
0x00007ffd02de0000 - 0x00007ffd02f85000 	C:\WINDOWS\System32\ole32.dll
0x00007ffcfe7e0000 - 0x00007ffcff0e3000 	C:\WINDOWS\SYSTEM32\windows.storage.dll
0x00007ffcfe6a0000 - 0x00007ffcfe7df000 	C:\WINDOWS\SYSTEM32\wintypes.dll
0x00007ffd03160000 - 0x00007ffd03259000 	C:\WINDOWS\System32\SHCORE.dll
0x00007ffd03550000 - 0x00007ffd035ae000 	C:\WINDOWS\System32\shlwapi.dll
0x00007ffd00820000 - 0x00007ffd0084b000 	C:\WINDOWS\SYSTEM32\profapi.dll
0x00007ffcc1ef0000 - 0x00007ffcc1fc7000 	C:\Program Files\Java\jdk-22\bin\jsvml.dll
0x00007ffcfbee0000 - 0x00007ffcfbef0000 	C:\Program Files\Java\jdk-22\bin\net.dll
0x00007ffcffd60000 - 0x00007ffcffdc9000 	C:\WINDOWS\system32\mswsock.dll
0x00007ffcf0450000 - 0x00007ffcf0466000 	C:\Program Files\Java\jdk-22\bin\nio.dll
0x00007ffcf02f0000 - 0x00007ffcf0307000 	C:\Program Files\Java\jdk-22\bin\zip.dll
0x00007ffca6e90000 - 0x00007ffca701e000 	C:\Program Files\Java\jdk-22\bin\awt.dll
0x00007ffcfc130000 - 0x00007ffcfc1c7000 	C:\WINDOWS\SYSTEM32\apphelp.dll
0x00007ffcfd920000 - 0x00007ffcfd9d1000 	C:\WINDOWS\system32\uxtheme.dll
0x00007ffd01400000 - 0x00007ffd01560000 	C:\WINDOWS\System32\MSCTF.dll
0x00007ffced670000 - 0x00007ffced6be000 	C:\Program Files\Java\jdk-22\bin\javaaccessbridge.dll
0x00007ffceed70000 - 0x00007ffceed77000 	C:\Program Files\Java\jdk-22\bin\jawt.dll
0x00007ffcfdb90000 - 0x00007ffcfdbbb000 	C:\WINDOWS\system32\DWMAPI.DLL
0x00007ffccf890000 - 0x00007ffccf990000 	C:\WINDOWS\system32\opengl32.dll
0x00007ffcd0c40000 - 0x00007ffcd0c6d000 	C:\WINDOWS\SYSTEM32\GLU32.dll
0x00007ffcfda40000 - 0x00007ffcfda77000 	C:\WINDOWS\SYSTEM32\dxcore.dll
0x00007ffccc650000 - 0x00007ffccc6d7000 	C:\Program Files\Java\jdk-22\bin\freetype.dll

dbghelp: loaded successfully - version: 4.0.5 - missing functions: none
symbol engine: initialized successfully - sym options: 0x614 - pdb path: .;C:\Program Files\Java\jdk-22\bin;C:\WINDOWS\SYSTEM32;C:\WINDOWS\WinSxS\amd64_microsoft.windows.common-controls_6595b64144ccf1df_6.0.22621.4391_none_2715d37f73803e96;C:\Program Files\Java\jdk-22\bin\server

VM Arguments:
jvm_args: -Dfile.encoding=UTF-8 --module-path=C:\Users\ASUS\Documents\NetBeansProjects\SistemaFacturacionMinimarket\build\classes 
java_command: Vista.MenuPrincipal
java_class_path (initial): D:\ProyectosPrueba\Sistema-venta-java-v1\librerias\AbsoluteLayout.jar;D:\ProyectosPrueba\Sistema-venta-java-v1\librerias\itextpdf-5.5.1.jar;D:\ProyectosPrueba\Sistema-venta-java-v1\librerias\jcalendar-1.4.jar;D:\ProyectosPrueba\Sistema-venta-java-v1\librerias\jcommon-1.0.23.jar;D:\ProyectosPrueba\Sistema-venta-java-v1\librerias\jfreechart-1.0.19.jar;D:\ProyectosPrueba\Sistema-venta-java-v1\librerias\mysql-connector-java-8.0.19.jar;C:\Users\ASUS\Documents\NetBeansProjects\SistemaFacturacionMinimarket\build\classes
Launcher Type: SUN_STANDARD

[Global flags]
     intx CICompilerCount                          = 4                                         {product} {ergonomic}
     uint ConcGCThreads                            = 2                                         {product} {ergonomic}
     uint G1ConcRefinementThreads                  = 8                                         {product} {ergonomic}
   size_t G1HeapRegionSize                         = 1048576                                   {product} {ergonomic}
   size_t InitialHeapSize                          = 130023424                                 {product} {ergonomic}
   size_t MarkStackSize                            = 4194304                                   {product} {ergonomic}
   size_t MaxHeapSize                              = 2080374784                                {product} {ergonomic}
   size_t MaxNewSize                               = 1247805440                                {product} {ergonomic}
   size_t MinHeapDeltaBytes                        = 1048576                                   {product} {ergonomic}
   size_t MinHeapSize                              = 8388608                                   {product} {ergonomic}
    uintx NonNMethodCodeHeapSize                   = 5839372                                {pd product} {ergonomic}
    uintx NonProfiledCodeHeapSize                  = 122909434                              {pd product} {ergonomic}
    uintx ProfiledCodeHeapSize                     = 122909434                              {pd product} {ergonomic}
    uintx ReservedCodeCacheSize                    = 251658240                              {pd product} {ergonomic}
     bool SegmentedCodeCache                       = true                                      {product} {ergonomic}
   size_t SoftMaxHeapSize                          = 2080374784                             {manageable} {ergonomic}
     bool UseCompressedOops                        = true                           {product lp64_product} {ergonomic}
     bool UseG1GC                                  = true                                      {product} {ergonomic}
     bool UseLargePagesIndividualAllocation        = false                                  {pd product} {ergonomic}

Logging:
Log output configuration:
 #0: stdout all=warning uptime,level,tags foldmultilines=false
 #1: stderr all=off uptime,level,tags foldmultilines=false

Environment Variables:
JAVA_HOME=C:\Program Files\Java\jdk-22
PATH=C:\Program Files\Common Files\Oracle\Java\javapath;C:\WINDOWS\system32;C:\WINDOWS;C:\WINDOWS\System32\Wbem;C:\WINDOWS\System32\WindowsPowerShell\v1.0\;C:\WINDOWS\System32\OpenSSH\;C:\Program Files\dotnet\;C:\Program Files\Git\cmd;C:\Program Files\nodejs\;C:\Program Files\Docker\Docker\resources\bin;D:\Tutoria_M2\apache-maven-3.9.9\bin;C:\Users\ASUS\AppData\Local\Microsoft\WindowsApps;C:\Users\ASUS\AppData\Local\Programs\Microsoft VS Code\bin;C:\Users\ASUS\.dotnet\tools;C:\Users\ASUS\AppData\Local\GitHubDesktop\bin;C:\Users\ASUS\AppData\Roaming\npm;
USERNAME=ASUS
OS=Windows_NT
PROCESSOR_IDENTIFIER=Intel64 Family 6 Model 126 Stepping 5, GenuineIntel
TMP=C:\Users\ASUS\AppData\Local\Temp
TEMP=C:\Users\ASUS\AppData\Local\Temp




Periodic native trim disabled

---------------  S Y S T E M  ---------------

OS:
 Windows 11 , 64 bit Build 22621 (10.0.22621.4391)
OS uptime: 0 days 22:09 hours
Hyper-V role detected

CPU: total 8 (initial active 8) (4 cores per cpu, 2 threads per core) family 6 model 126 stepping 5 microcode 0xb8, cx8, cmov, fxsr, ht, mmx, 3dnowpref, sse, sse2, sse3, ssse3, sse4.1, sse4.2, popcnt, lzcnt, tsc, tscinvbit, avx, avx2, aes, erms, clmul, bmi1, bmi2, adx, avx512f, avx512dq, avx512cd, avx512bw, avx512vl, sha, fma, vzeroupper, avx512_vpopcntdq, avx512_vpclmulqdq, avx512_vaes, avx512_vnni, clflush, clflushopt, avx512_vbmi2, avx512_vbmi, hv, rdtscp, rdpid, fsrm, gfni, avx512_bitalg, f16c, avx512_ifma
Processor Information for all 8 processors :
  Max Mhz: 1190, Current Mhz: 991, Mhz Limit: 987

Memory: 4k page, system-wide physical 7929M (821M free)
TotalPageFile size 12025M (AvailPageFile size 2M)
current process WorkingSet (physical memory assigned to process): 55M, peak: 55M
current process commit charge ("private bytes"): 214M, peak: 214M

vm_info: Java HotSpot(TM) 64-Bit Server VM (22.0.2+9-70) for windows-amd64 JRE (22.0.2+9-70), built on 2024-06-04T16:52:23Z by "mach5one" with MS VC++ 17.6 (VS2022)

END.
